<?xml version='1.0'?>
<ns2:test-suite xmlns:ns2='urn:model.allure.qatools.yandex.ru' start='1583855027208' stop='1583855120767'>
    <name>google maps navigation</name>
    <title>google maps navigation</title>
    <test-cases>
        <test-case start='1583855027214' status='passed' stop='1583855038243'>
            <name>search returns results</name>
            <title>search returns results</title>
            <labels>
                <label name='language' value='javascript'/>
                <label name='framework' value='wdio'/>
                <label name='thread' value='0-0'/>
            </labels>
            <parameters>
                <parameter kind='argument' name='browser' value='chrome'/>
                <parameter kind='argument' name='browserVersion' value='80.0.3987.122'/>
            </parameters>
            <steps/>
            <attachments/>
        </test-case>
        <test-case start='1583855038246' status='failed' stop='1583855045622'>
            <name>maps navigates to searched place</name>
            <title>maps navigates to searched place</title>
            <labels>
                <label name='language' value='javascript'/>
                <label name='framework' value='wdio'/>
                <label name='thread' value='0-0'/>
            </labels>
            <parameters>
                <parameter kind='argument' name='browser' value='chrome'/>
                <parameter kind='argument' name='browserVersion' value='80.0.3987.122'/>
            </parameters>
            <steps/>
            <attachments>
                <attachment title='Execution video' source='ca10e3da-27e2-451c-9699-c7166799c6df-attachment.mp4' type='video/mp4' size='128'/>
            </attachments>
            <failure>
                <message>contains search result: expected 'https://www.google.com/maps' to include 'Philadelphia'</message>
                <stack-trace>AssertionError: contains search result: expected 'https://www.google.com/maps' to include 'Philadelphia'
                    at Context.&lt;anonymous> (C:\Users\box\Documents\Wambi\test\maps.test.js:20:16)
                    at Context.executeSync (C:\Users\box\Documents\Wambi\node_modules\@wdio\sync\build\index.js:56:18)
                    at C:\Users\box\Documents\Wambi\node_modules\@wdio\sync\build\index.js:82:70</stack-trace>
            </failure>
        </test-case>
        <test-case start='1583855045673' status='passed' stop='1583855065871'>
            <name>search returns directions and details</name>
            <title>search returns directions and details</title>
            <labels>
                <label name='language' value='javascript'/>
                <label name='framework' value='wdio'/>
                <label name='thread' value='0-0'/>
            </labels>
            <parameters>
                <parameter kind='argument' name='browser' value='chrome'/>
                <parameter kind='argument' name='browserVersion' value='80.0.3987.122'/>
            </parameters>
            <steps/>
            <attachments/>
        </test-case>
        <test-case start='1583855065874' status='passed' stop='1583855084436'>
            <name>reverse the origin and destination</name>
            <title>reverse the origin and destination</title>
            <labels>
                <label name='language' value='javascript'/>
                <label name='framework' value='wdio'/>
                <label name='thread' value='0-0'/>
            </labels>
            <parameters>
                <parameter kind='argument' name='browser' value='chrome'/>
                <parameter kind='argument' name='browserVersion' value='80.0.3987.122'/>
            </parameters>
            <steps/>
            <attachments/>
        </test-case>
        <test-case start='1583855084438' status='passed' stop='1583855101996'>
            <name>closes directions</name>
            <title>closes directions</title>
            <labels>
                <label name='language' value='javascript'/>
                <label name='framework' value='wdio'/>
                <label name='thread' value='0-0'/>
            </labels>
            <parameters>
                <parameter kind='argument' name='browser' value='chrome'/>
                <parameter kind='argument' name='browserVersion' value='80.0.3987.122'/>
            </parameters>
            <steps/>
            <attachments/>
        </test-case>
        <test-case start='1583855101998' status='passed' stop='1583855120766'>
            <name>asserts distance units change with selection under Options </name>
            <title>asserts distance units change with selection under Options </title>
            <labels>
                <label name='language' value='javascript'/>
                <label name='framework' value='wdio'/>
                <label name='thread' value='0-0'/>
            </labels>
            <parameters>
                <parameter kind='argument' name='browser' value='chrome'/>
                <parameter kind='argument' name='browserVersion' value='80.0.3987.122'/>
            </parameters>
            <steps/>
            <attachments/>
        </test-case>
    </test-cases>
</ns2:test-suite>